 WARN [2014-09-11 18:03:51,653] (ComponentFactory.java:getComponentBean:1145) - Unable to get component for id 'FlexiPage': Unable to get bean for id 'FlexiPage'
 WARN [2014-09-11 18:03:51,662] (ComponentFactory.java:getComponentBean:1145) - Unable to get component for id 'SynonymDictionary': Unable to get bean for id 'SynonymDictionary'
 WARN [2014-09-11 18:03:53,197] (ComponentFactory.java:getComponentBean:1145) - Unable to get component for id 'FlexiPage': Unable to get bean for id 'FlexiPage'
 WARN [2014-09-11 18:03:53,207] (ComponentFactory.java:getComponentBean:1145) - Unable to get component for id 'SynonymDictionary': Unable to get bean for id 'SynonymDictionary'
 WARN [2014-09-11 18:03:58,482] (Utils.java:loadDocument:823) - Unable to load document: C:\Users\IB1658\Desktop\SFDC_Studies\Force.comMigrationTool-ANT\SFDC_CI_Demo\.metadata\.plugins\com.salesforce.ide.core\packageCache.xml (The system cannot find the file specified)
 WARN [2014-09-11 18:03:59,428] (ComponentFactory.java:getComponentBean:1145) - Unable to get component for id 'FlexiPage': Unable to get bean for id 'FlexiPage'
 WARN [2014-09-11 18:03:59,435] (ComponentFactory.java:getComponentBean:1145) - Unable to get component for id 'SynonymDictionary': Unable to get bean for id 'SynonymDictionary'
 WARN [2014-09-11 18:04:00,481] (ComponentFactory.java:getComponentBean:1145) - Unable to get component for id 'FlexiPage': Unable to get bean for id 'FlexiPage'
 WARN [2014-09-11 18:04:00,497] (ComponentFactory.java:getComponentBean:1145) - Unable to get component for id 'SynonymDictionary': Unable to get bean for id 'SynonymDictionary'
 WARN [2014-09-11 18:04:01,245] (ComponentFactory.java:getComponentBean:1145) - Unable to get component for id 'FlexiPage': Unable to get bean for id 'FlexiPage'
 WARN [2014-09-11 18:04:01,255] (ComponentFactory.java:getComponentBean:1145) - Unable to get component for id 'SynonymDictionary': Unable to get bean for id 'SynonymDictionary'
 WARN [2014-09-11 18:04:02,302] (ComponentFactory.java:getComponentBean:1145) - Unable to get component for id 'FlexiPage': Unable to get bean for id 'FlexiPage'
 WARN [2014-09-11 18:04:02,317] (ComponentFactory.java:getComponentBean:1145) - Unable to get component for id 'SynonymDictionary': Unable to get bean for id 'SynonymDictionary'
 WARN [2014-09-11 18:04:03,479] (ComponentFactory.java:getComponentBean:1145) - Unable to get component for id 'FlexiPage': Unable to get bean for id 'FlexiPage'
 WARN [2014-09-11 18:04:03,494] (ComponentFactory.java:getComponentBean:1145) - Unable to get component for id 'SynonymDictionary': Unable to get bean for id 'SynonymDictionary'
 WARN [2014-09-11 18:04:29,938] (ComponentFactory.java:getComponentBean:1145) - Unable to get component for id 'BusinessProcess': Unable to get bean for id 'BusinessProcess'
 WARN [2014-09-11 18:04:29,945] (ComponentFactory.java:getComponentBean:1145) - Unable to get component for id 'CompactLayout': Unable to get bean for id 'CompactLayout'
 WARN [2014-09-11 18:04:29,951] (ComponentFactory.java:getComponentBean:1145) - Unable to get component for id 'CustomField': Unable to get bean for id 'CustomField'
 WARN [2014-09-11 18:04:29,955] (ComponentFactory.java:getComponentBean:1145) - Unable to get component for id 'CustomLabel': Unable to get bean for id 'CustomLabel'
 WARN [2014-09-11 18:04:30,549] (ComponentFactory.java:getComponentBean:1145) - Unable to get component for id 'FlexiPage': Unable to get bean for id 'FlexiPage'
 WARN [2014-09-11 18:04:30,559] (ComponentFactory.java:getComponentBean:1145) - Unable to get component for id 'SynonymDictionary': Unable to get bean for id 'SynonymDictionary'
 WARN [2014-09-11 18:04:31,149] (ComponentFactory.java:getComponentBean:1145) - Unable to get component for id 'FlexiPage': Unable to get bean for id 'FlexiPage'
 WARN [2014-09-11 18:04:31,162] (ComponentFactory.java:getComponentBean:1145) - Unable to get component for id 'SynonymDictionary': Unable to get bean for id 'SynonymDictionary'
 WARN [2014-09-11 18:04:31,948] (ComponentFactory.java:getComponentBean:1145) - Unable to get component for id 'FlexiPage': Unable to get bean for id 'FlexiPage'
 WARN [2014-09-11 18:04:31,960] (ComponentFactory.java:getComponentBean:1145) - Unable to get component for id 'SynonymDictionary': Unable to get bean for id 'SynonymDictionary'
 WARN [2014-09-11 18:04:32,232] (ComponentFactory.java:getComponentBean:1145) - Unable to get component for id 'FieldSet': Unable to get bean for id 'FieldSet'
 WARN [2014-09-11 18:04:32,236] (ComponentFactory.java:getComponentBean:1145) - Unable to get component for id 'FlexiPage': Unable to get bean for id 'FlexiPage'
 WARN [2014-09-11 18:04:32,251] (ComponentFactory.java:getComponentBean:1145) - Unable to get component for id 'ListView': Unable to get bean for id 'ListView'
 WARN [2014-09-11 18:04:32,256] (ComponentFactory.java:getComponentBean:1145) - Unable to get component for id 'NamedFilter': Unable to get bean for id 'NamedFilter'
 WARN [2014-09-11 18:04:32,271] (ComponentFactory.java:getComponentBean:1145) - Unable to get component for id 'RecordType': Unable to get bean for id 'RecordType'
 WARN [2014-09-11 18:04:36,332] (ComponentFactory.java:getComponentBean:1145) - Unable to get component for id 'FlexiPage': Unable to get bean for id 'FlexiPage'
 WARN [2014-09-11 18:04:36,343] (ComponentFactory.java:getComponentBean:1145) - Unable to get component for id 'SynonymDictionary': Unable to get bean for id 'SynonymDictionary'
 WARN [2014-09-11 18:04:36,583] (ComponentFactory.java:getComponentBean:1145) - Unable to get component for id 'SharingReason': Unable to get bean for id 'SharingReason'
 WARN [2014-09-11 18:04:36,594] (ComponentFactory.java:getComponentBean:1145) - Unable to get component for id 'ValidationRule': Unable to get bean for id 'ValidationRule'
 WARN [2014-09-11 18:04:36,597] (ComponentFactory.java:getComponentBean:1145) - Unable to get component for id 'WebLink': Unable to get bean for id 'WebLink'
 WARN [2014-09-11 18:04:36,600] (ComponentFactory.java:getComponentBean:1145) - Unable to get component for id 'WorkflowAlert': Unable to get bean for id 'WorkflowAlert'
 WARN [2014-09-11 18:04:36,602] (ComponentFactory.java:getComponentBean:1145) - Unable to get component for id 'WorkflowFieldUpdate': Unable to get bean for id 'WorkflowFieldUpdate'
 WARN [2014-09-11 18:04:36,604] (ComponentFactory.java:getComponentBean:1145) - Unable to get component for id 'WorkflowKnowledgePublish': Unable to get bean for id 'WorkflowKnowledgePublish'
 WARN [2014-09-11 18:04:36,606] (ComponentFactory.java:getComponentBean:1145) - Unable to get component for id 'WorkflowOutboundMessage': Unable to get bean for id 'WorkflowOutboundMessage'
 WARN [2014-09-11 18:04:36,609] (ComponentFactory.java:getComponentBean:1145) - Unable to get component for id 'WorkflowRule': Unable to get bean for id 'WorkflowRule'
 WARN [2014-09-11 18:04:36,611] (ComponentFactory.java:getComponentBean:1145) - Unable to get component for id 'WorkflowSend': Unable to get bean for id 'WorkflowSend'
 WARN [2014-09-11 18:04:36,612] (ComponentFactory.java:getComponentBean:1145) - Unable to get component for id 'WorkflowTask': Unable to get bean for id 'WorkflowTask'
 WARN [2014-09-11 18:04:36,652] (ComponentFactory.java:getComponentBean:1145) - Unable to get component for id 'FlexiPage': Unable to get bean for id 'FlexiPage'
 WARN [2014-09-11 18:05:44,013] (ProjectController.java:handleRetrieveResults:727) - Failed to retrieve: 'Salesforce1 and Chatter Apps/package.xml': Metadata API received improper input. Please ensure file name and capitalization is correct. Load of metadata from db failed for metadata of type:ConnectedApp and file name:SalesforceA.
 WARN [2014-09-11 18:05:44,015] (ProjectController.java:handleRetrieveResults:727) - Failed to retrieve: 'Salesforce1 and Chatter Apps/package.xml': Metadata API received improper input. Please ensure file name and capitalization is correct. Load of metadata from db failed for metadata of type:ConnectedApp and file name:Chatter_for_iOS.
 WARN [2014-09-11 18:05:44,016] (ProjectController.java:handleRetrieveResults:727) - Failed to retrieve: 'Salesforce1 and Chatter Apps/package.xml': Metadata API received improper input. Please ensure file name and capitalization is correct. Load of metadata from db failed for metadata of type:ConnectedApp and file name:Chatter_for_BlackBerry.
 WARN [2014-09-11 18:05:44,017] (ProjectController.java:handleRetrieveResults:727) - Failed to retrieve: 'Salesforce1 and Chatter Apps/package.xml': Metadata API received improper input. Please ensure file name and capitalization is correct. Load of metadata from db failed for metadata of type:ConnectedApp and file name:Chatter_for_Android.
 WARN [2014-09-11 18:05:44,019] (ProjectController.java:handleRetrieveResults:727) - Failed to retrieve: 'Salesforce1 and Chatter Apps/package.xml': Metadata API received improper input. Please ensure file name and capitalization is correct. Load of metadata from db failed for metadata of type:ConnectedApp and file name:Chatter_Desktop.
 WARN [2014-09-11 18:05:44,022] (ProjectController.java:handleRetrieveResults:727) - Failed to retrieve: 'Salesforce1 and Chatter Apps/package.xml': Metadata API received improper input. Please ensure file name and capitalization is correct. Load of metadata from db failed for metadata of type:ConnectedApp and file name:Salesforce_Chatterbox.
 WARN [2014-09-11 18:05:44,033] (ComponentFactory.java:getComponentByFilePath:613) - No id found for filepath 'modules/C5r_for_iOS_oauth/ConnectivityDevConfigs/C5r_for_iOS_oauth_devConfig.ConnectivityDevConfig', tagging as component of type 'Unknown'
 WARN [2014-09-11 18:05:44,041] (ComponentFactory.java:getComponentByFilePath:613) - No id found for filepath 'modules/C5r_for_iOS_oauth/modules/sf_chttr_apps__C5r_for_iOS_oauth', tagging as component of type 'Unknown'
 WARN [2014-09-11 18:05:44,052] (ComponentFactory.java:getComponentByFilePath:613) - No id found for filepath 'applicationManifests/Chatter_for_iOS', tagging as component of type 'Unknown'
 WARN [2014-09-11 18:05:44,054] (ComponentFactory.java:getComponentByFilePath:613) - No id found for filepath 'modules/S9A_oauth/ConnectivityDevConfigs/S9A_oauth_devConfig.ConnectivityDevConfig', tagging as component of type 'Unknown'
 WARN [2014-09-11 18:05:44,055] (ComponentFactory.java:getComponentByFilePath:613) - No id found for filepath 'modules/S9A_oauth/modules/sf_chttr_apps__S9A_oauth', tagging as component of type 'Unknown'
 WARN [2014-09-11 18:05:44,056] (ComponentFactory.java:getComponentByFilePath:613) - No id found for filepath 'applicationManifests/SalesforceA', tagging as component of type 'Unknown'
 WARN [2014-09-11 18:05:44,058] (ComponentFactory.java:getComponentByFilePath:613) - No id found for filepath 'modules/S8e_C8x_oauth/ConnectivityDevConfigs/S8e_C8x_oauth_devConfig.ConnectivityDevConfig', tagging as component of type 'Unknown'
 WARN [2014-09-11 18:05:44,059] (ComponentFactory.java:getComponentByFilePath:613) - No id found for filepath 'modules/S8e_C8x_oauth/modules/sf_chttr_apps__S8e_C8x_oauth', tagging as component of type 'Unknown'
 WARN [2014-09-11 18:05:44,061] (ComponentFactory.java:getComponentByFilePath:613) - No id found for filepath 'applicationManifests/Salesforce_Chatterbox', tagging as component of type 'Unknown'
ERROR [2014-09-11 18:05:44,062] (ProjectPackageList.java:generateComponents:473) - Filepath-zip mapping is null or empty for package 'Salesforce1 and Chatter Apps' [0A390000000dj1sCAA] - skipping component generation
 WARN [2014-09-11 18:05:44,064] (ComponentFactory.java:getComponentByFilePath:613) - No id found for filepath 'modules/C5r_Desktop_oauth/ConnectivityDevConfigs/C5r_Desktop_oauth_devConfig.ConnectivityDevConfig', tagging as component of type 'Unknown'
 WARN [2014-09-11 18:05:44,065] (ComponentFactory.java:getComponentByFilePath:613) - No id found for filepath 'modules/C5r_Desktop_oauth/modules/sf_chttr_apps__C5r_Desktop_oauth', tagging as component of type 'Unknown'
 WARN [2014-09-11 18:05:44,066] (ComponentFactory.java:getComponentByFilePath:613) - No id found for filepath 'applicationManifests/Chatter_Desktop', tagging as component of type 'Unknown'
 WARN [2014-09-11 18:05:44,067] (ComponentFactory.java:getComponentByFilePath:613) - No id found for filepath 'modules/C5r_for_Android_oauth_android/AndroidPushApplicationSetup/C5r_for_Android_oauth_androidAndroidPushApplicationSetup.AndroidPushApplicationSetup', tagging as component of type 'Unknown'
 WARN [2014-09-11 18:05:44,068] (ComponentFactory.java:getComponentByFilePath:613) - No id found for filepath 'modules/C5r_for_Android_oauth_android/modules/sf_chttr_apps__C5r_for_Android_oauth_android', tagging as component of type 'Unknown'
 WARN [2014-09-11 18:05:44,070] (ComponentFactory.java:getComponentByFilePath:613) - No id found for filepath 'modules/C5r_for_Android_oauth/ConnectivityDevConfigs/C5r_for_Android_oauth_devConfig.ConnectivityDevConfig', tagging as component of type 'Unknown'
 WARN [2014-09-11 18:05:44,071] (ComponentFactory.java:getComponentByFilePath:613) - No id found for filepath 'modules/C5r_for_Android_oauth/modules/sf_chttr_apps__C5r_for_Android_oauth', tagging as component of type 'Unknown'
 WARN [2014-09-11 18:05:44,072] (ComponentFactory.java:getComponentByFilePath:613) - No id found for filepath 'applicationManifests/Chatter_for_Android', tagging as component of type 'Unknown'
 WARN [2014-09-11 18:05:44,073] (ComponentFactory.java:getComponentByFilePath:613) - No id found for filepath 'modules/C5r_for_BlackBerry_oauth/ConnectivityDevConfigs/C5r_for_BlackBerry_oauth_devConfig.ConnectivityDevConfig', tagging as component of type 'Unknown'
 WARN [2014-09-11 18:05:44,075] (ComponentFactory.java:getComponentByFilePath:613) - No id found for filepath 'modules/C5r_for_BlackBerry_oauth/modules/sf_chttr_apps__C5r_for_BlackBerry_oauth', tagging as component of type 'Unknown'
 WARN [2014-09-11 18:05:44,076] (ComponentFactory.java:getComponentByFilePath:613) - No id found for filepath 'applicationManifests/Chatter_for_BlackBerry', tagging as component of type 'Unknown'
 WARN [2014-09-11 18:05:44,077] (ComponentFactory.java:getComponentByFilePath:613) - No id found for filepath 'modules/C5r_for_iOS_oauth_apple/ApplePushApplicationSetup/C5r_for_iOS_oauth_appleApplePushApplicationSetup.ApplePushApplicationSetup', tagging as component of type 'Unknown'
 WARN [2014-09-11 18:05:44,078] (ComponentFactory.java:getComponentByFilePath:613) - No id found for filepath 'modules/C5r_for_iOS_oauth_apple/modules/sf_chttr_apps__C5r_for_iOS_oauth_apple', tagging as component of type 'Unknown'
 WARN [2014-09-11 18:05:44,284] (ProjectPackageList.java:saveResources:1153) - Component list in project package 'Salesforce1 and Chatter Apps' is empty.  No resources to save.
